{"level":"info","time":"2022-02-20T12:54:22-06:00","message":"Login failed with username: hello, password: passwordWorld"}
{"level":"info","time":"2022-02-20T12:54:22-06:00","message":"Login Successful."}
{"level":"info","time":"2022-02-20T12:54:22-06:00","message":"Login not POST method. Method: GET"}
{"level":"info","time":"2022-02-20T12:54:22-06:00","message":"addSoundcloudUrl called."}
{"level":"info","time":"2022-02-20T12:54:22-06:00","message":"{Url:testsoundcloudurl.com}"}
{"level":"info","time":"2022-02-20T12:54:22-06:00","message":"WilletteToken is valid."}
{"level":"info","time":"2022-02-20T12:54:22-06:00","message":"Success adding soundcloud url. url: testsoundcloudurl.com"}
{"level":"info","time":"2022-02-20T12:54:39-06:00","message":"Login failed with username: hello, password: passwordWorld"}
{"level":"info","time":"2022-02-20T12:54:39-06:00","message":"Login Successful."}
{"level":"info","time":"2022-02-20T12:54:39-06:00","message":"Login not POST method. Method: GET"}
{"level":"info","time":"2022-02-20T12:54:39-06:00","message":"addSoundcloudUrl called."}
{"level":"info","time":"2022-02-20T12:54:39-06:00","message":"{Url:testsoundcloudurl.com}"}
{"level":"info","time":"2022-02-20T12:54:39-06:00","message":"WilletteToken is valid."}
{"level":"info","time":"2022-02-20T12:54:39-06:00","message":"Success adding soundcloud url. url: testsoundcloudurl.com"}
{"level":"info","time":"2022-02-20T12:55:06-06:00","message":"Login failed with username: hello, password: passwordWorld"}
{"level":"info","time":"2022-02-20T12:55:06-06:00","message":"Login Successful."}
{"level":"info","time":"2022-02-20T12:55:06-06:00","message":"Login not POST method. Method: GET"}
{"level":"info","time":"2022-02-20T12:55:06-06:00","message":"addSoundcloudUrl called."}
{"level":"info","time":"2022-02-20T12:55:06-06:00","message":"{Url:testsoundcloudurl.com}"}
{"level":"info","time":"2022-02-20T12:55:06-06:00","message":"WilletteToken is valid."}
{"level":"info","time":"2022-02-20T12:55:06-06:00","message":"Success adding soundcloud url. url: testsoundcloudurl.com"}
{"level":"info","time":"2022-02-20T13:57:45-06:00","message":"Login failed with username: hello, password: passwordWorld"}
{"level":"info","time":"2022-02-20T13:57:45-06:00","message":"Login Successful."}
{"level":"info","time":"2022-02-20T13:57:45-06:00","message":"Login not POST method. Method: GET"}
{"level":"info","time":"2022-02-20T13:57:45-06:00","message":"addSoundcloudUrl called."}
{"level":"info","time":"2022-02-20T13:57:45-06:00","message":"{Url:testsoundcloudurl.com}"}
{"level":"info","time":"2022-02-20T13:57:45-06:00","message":"WilletteToken is valid."}
{"level":"info","time":"2022-02-20T13:57:45-06:00","message":"Success adding soundcloud url. url: testsoundcloudurl.com"}
{"level":"info","time":"2022-02-20T13:57:49-06:00","message":"Login failed with username: hello, password: passwordWorld"}
{"level":"info","time":"2022-02-20T13:57:49-06:00","message":"Login Successful."}
{"level":"info","time":"2022-02-20T13:57:49-06:00","message":"Login not POST method. Method: GET"}
{"level":"info","time":"2022-02-20T13:57:49-06:00","message":"addSoundcloudUrl called."}
{"level":"info","time":"2022-02-20T13:57:49-06:00","message":"{Url:testsoundcloudurl.com}"}
{"level":"info","time":"2022-02-20T13:57:49-06:00","message":"WilletteToken is valid."}
{"level":"info","time":"2022-02-20T13:57:49-06:00","message":"Success adding soundcloud url. url: testsoundcloudurl.com"}
{"level":"info","time":"2022-02-20T14:54:43-06:00","message":"Login failed with username: hello, password: passwordWorld"}
{"level":"info","time":"2022-02-20T14:54:43-06:00","message":"Login Successful."}
{"level":"info","time":"2022-02-20T14:54:43-06:00","message":"Login not POST method. Method: GET"}
{"level":"info","time":"2022-02-20T14:54:43-06:00","message":"addSoundcloudUrl called."}
{"level":"info","time":"2022-02-20T14:54:43-06:00","message":"{Url:testsoundcloudurl.com}"}
{"level":"info","time":"2022-02-20T14:54:43-06:00","message":"WilletteToken is valid."}
{"level":"info","time":"2022-02-20T14:54:43-06:00","message":"Success adding soundcloud url. url: testsoundcloudurl.com"}
{"level":"info","time":"2022-02-20T15:15:54-06:00","message":"Login failed with username: hello, password: passwordWorld"}
{"level":"info","time":"2022-02-20T15:15:54-06:00","message":"Login Successful."}
{"level":"info","time":"2022-02-20T15:15:54-06:00","message":"Login not POST method. Method: GET"}
{"level":"info","time":"2022-02-20T15:15:54-06:00","message":"addSoundcloudUrl called."}
{"level":"info","time":"2022-02-20T15:15:54-06:00","message":"{Url:testsoundcloudurl.com}"}
{"level":"info","time":"2022-02-20T15:15:54-06:00","message":"WilletteToken is valid."}
{"level":"info","time":"2022-02-20T15:15:54-06:00","message":"Success adding soundcloud url. url: testsoundcloudurl.com"}
{"level":"info","time":"2022-02-20T15:16:24-06:00","message":"Login failed with username: hello, password: passwordWorld"}
{"level":"info","time":"2022-02-20T15:16:24-06:00","message":"Login Successful."}
{"level":"info","time":"2022-02-20T15:16:24-06:00","message":"Login not POST method. Method: GET"}
{"level":"info","time":"2022-02-20T15:16:24-06:00","message":"addSoundcloudUrl called."}
{"level":"info","time":"2022-02-20T15:16:24-06:00","message":"{Url:testsoundcloudurl.com}"}
{"level":"info","time":"2022-02-20T15:16:24-06:00","message":"WilletteToken is valid."}
{"level":"info","time":"2022-02-20T15:16:24-06:00","message":"Success adding soundcloud url. url: testsoundcloudurl.com"}
{"level":"info","time":"2022-05-22T12:04:52-05:00","message":"Login failed with username: hello, password: passwordWorld"}
{"level":"info","time":"2022-05-22T12:04:52-05:00","message":"Login Successful."}
{"level":"info","time":"2022-05-22T12:04:52-05:00","message":"Login not POST method. Method: GET"}
{"level":"info","time":"2022-05-22T12:04:52-05:00","message":"addSoundcloudUrl called."}
{"level":"info","time":"2022-05-22T12:04:52-05:00","message":"{Url:testsoundcloudurl.com}"}
{"level":"info","time":"2022-05-22T12:04:52-05:00","message":"WilletteToken is valid."}
{"level":"info","time":"2022-05-22T12:04:52-05:00","message":"Success adding soundcloud url. url: testsoundcloudurl.com"}
{"level":"info","time":"2022-05-27T22:04:06-05:00","message":"Login failed with username: hello, password: passwordWorld"}
{"level":"info","time":"2022-05-27T22:04:27-05:00","message":"Login failed with username: hello, password: passwordWorld"}
{"level":"info","time":"2022-05-27T22:04:42-05:00","message":"Login failed with username: hello, password: passwordWorld"}
{"level":"info","time":"2022-05-27T22:07:22-05:00","message":"Login failed with username: hello, password: passwordWorld"}
{"level":"info","time":"2022-05-27T22:07:22-05:00","message":"Login Successful. username: hello"}
{"level":"info","time":"2022-05-27T22:08:50-05:00","message":"Login failed with username: hello, password: passwordWorld"}
{"level":"info","time":"2022-05-27T22:08:50-05:00","message":"Login Successful. username: hello"}
{"level":"info","time":"2022-05-27T22:09:59-05:00","message":"Login failed with username: hello, password: passwordWorld"}
{"level":"info","time":"2022-05-27T22:09:59-05:00","message":"Login Successful. username: hello"}
{"level":"info","time":"2022-05-27T22:11:30-05:00","message":"Login failed with username: hello, password: passwordWorld"}
{"level":"info","time":"2022-05-27T22:11:30-05:00","message":"Login Successful. username: hello"}
{"level":"info","time":"2022-05-27T22:11:35-05:00","message":"Login failed with username: hello, password: passwordWorld"}
{"level":"info","time":"2022-05-27T22:11:35-05:00","message":"Login Successful. username: hello"}
{"level":"info","time":"2022-05-27T22:11:41-05:00","message":"Login failed with username: hello, password: passwordWorld"}
{"level":"info","time":"2022-05-27T22:11:41-05:00","message":"Login Successful. username: hello"}
{"level":"info","time":"2022-05-27T22:11:51-05:00","message":"Login failed with username: hello, password: passwordWorld"}
{"level":"info","time":"2022-05-27T22:11:51-05:00","message":"Login Successful. username: hello"}
{"level":"info","time":"2022-05-27T22:18:37-05:00","message":"Login failed with username: hello, password: passwordWorld"}
{"level":"info","time":"2022-05-27T22:18:37-05:00","message":"Login Successful. username: hello"}
{"level":"info","time":"2022-05-27T22:19:00-05:00","message":"Login failed with username: hello, password: passwordWorld"}
{"level":"info","time":"2022-05-27T22:19:00-05:00","message":"Login Successful. username: hello"}
{"level":"info","time":"2022-05-27T22:20:04-05:00","message":"Login failed with username: hello, password: passwordWorld"}
{"level":"info","time":"2022-05-27T22:20:04-05:00","message":"Login Successful. username: hello"}
{"level":"info","time":"2022-05-27T22:23:36-05:00","message":"Login failed with username: hello, password: passwordWorld"}
{"level":"info","time":"2022-05-27T22:23:36-05:00","message":"Login Successful. username: hello"}
{"level":"info","time":"2022-05-27T22:43:19-05:00","message":"Login failed with username: hello, password: passwordWorld"}
{"level":"info","time":"2022-05-27T22:43:19-05:00","message":"Login Successful. username: hello"}
{"level":"info","time":"2022-05-27T22:44:20-05:00","message":"Login failed with username: hello, password: passwordWorld"}
{"level":"info","time":"2022-05-27T22:44:20-05:00","message":"Login Successful. username: hello"}
{"level":"info","time":"2022-05-27T22:44:20-05:00","message":"Login Successful. username: hello"}
{"level":"info","time":"2022-05-27T22:50:44-05:00","message":"Login failed with username: hello, password: passwordWorld"}
{"level":"info","time":"2022-05-27T22:50:44-05:00","message":"Login Successful. username: hello"}
{"level":"info","time":"2022-05-27T22:50:44-05:00","message":"Login Successful. username: hello"}
{"level":"info","time":"2022-05-27T22:51:39-05:00","message":"Login failed with username: hello, password: passwordWorld"}
{"level":"info","time":"2022-05-27T22:51:39-05:00","message":"Login Successful. username: hello"}
{"level":"info","time":"2022-05-27T22:54:26-05:00","message":"Login failed with username: hello, password: passwordWorld"}
{"level":"info","time":"2022-05-27T22:54:26-05:00","message":"Login Successful. username: hello"}
{"level":"info","time":"2022-05-27T22:54:26-05:00","message":"Login Successful. username: hello"}
{"level":"info","time":"2022-05-27T22:54:39-05:00","message":"Login failed with username: hello, password: passwordWorld"}
{"level":"info","time":"2022-05-27T22:54:39-05:00","message":"Login Successful. username: hello"}
{"level":"info","time":"2022-05-27T22:54:42-05:00","message":"Login Successful. username: hello"}
{"level":"info","time":"2022-05-27T23:08:53-05:00","message":"Login failed with username: hello, password: passwordWorld"}
{"level":"info","time":"2022-05-27T23:08:53-05:00","message":"Login Successful. username: hello"}
{"level":"info","time":"2022-05-27T23:08:53-05:00","message":"Login Successful. username: hello"}
{"level":"info","time":"2022-05-28T08:53:08-05:00","message":"Login failed with username: hello, password: passwordWorld"}
{"level":"info","time":"2022-05-28T08:53:08-05:00","message":"Login Successful. username: hello"}
{"level":"info","time":"2022-05-28T08:53:08-05:00","message":"Starting up new relic"}
{"level":"info","time":"2022-05-28T08:53:08-05:00","message":"Login Successful. username: hello"}
{"level":"info","time":"2022-05-28T08:56:38-05:00","message":"hitting loginHandler"}
{"level":"info","time":"2022-05-28T08:56:38-05:00","message":"Login failed with username: hello, password: passwordWorld"}
{"level":"info","time":"2022-05-28T08:56:38-05:00","message":"hitting loginHandler"}
{"level":"info","time":"2022-05-28T08:56:38-05:00","message":"Login Successful. username: hello"}
{"level":"info","time":"2022-05-28T08:56:38-05:00","message":"Starting up new relic"}
{"level":"info","time":"2022-05-28T08:56:38-05:00","message":"hitting loginHandler"}
{"level":"info","time":"2022-05-28T08:56:38-05:00","message":"Login Successful. username: hello"}
{"level":"info","time":"2022-05-28T08:59:02-05:00","message":"Starting up new relic"}
{"level":"info","time":"2022-05-28T08:59:02-05:00","message":"hitting loginHandler"}
{"level":"info","time":"2022-05-28T08:59:02-05:00","message":"Login Successful. username: hello"}
{"level":"info","time":"2022-05-28T08:59:30-05:00","message":"Starting up new relic"}
{"level":"info","time":"2022-05-28T08:59:30-05:00","message":"hitting loginHandler"}
{"level":"info","time":"2022-05-28T08:59:30-05:00","message":"Login Successful. username: hello"}
{"level":"info","time":"2022-05-28T09:00:16-05:00","message":"Starting up new relic"}
{"level":"info","time":"2022-05-28T09:00:16-05:00","message":"hitting loginHandler"}
{"level":"info","time":"2022-05-28T09:00:16-05:00","message":"Login failed with username: hello, password: passwordWorld"}
{"level":"info","time":"2022-05-28T09:01:37-05:00","message":"Starting up new relic"}
{"level":"info","time":"2022-05-28T09:01:37-05:00","message":"hitting loginHandler"}
{"level":"info","time":"2022-05-28T09:01:37-05:00","message":"Login Successful. username: hello"}
{"level":"info","time":"2022-05-28T09:02:09-05:00","message":"Starting up new relic"}
{"level":"info","time":"2022-05-28T09:02:09-05:00","message":"hitting loginHandler"}
{"level":"info","time":"2022-05-28T09:02:09-05:00","message":"Login Successful. username: hello"}
{"level":"info","time":"2022-05-28T09:05:33-05:00","message":"hitting loginHandler"}
{"level":"info","time":"2022-05-28T09:05:33-05:00","message":"Login Successful. username: hello"}
{"level":"info","time":"2022-05-28T09:05:33-05:00","message":"\"testBearerToken\"\n"}
{"level":"info","time":"2022-05-28T09:19:21-05:00","message":"Starting up new relic"}
{"level":"info","time":"2022-05-28T09:19:21-05:00","message":"hitting loginHandler"}
{"level":"info","time":"2022-05-28T09:19:21-05:00","message":"Login Successful. username: hello"}
{"level":"info","time":"2022-05-28T09:19:21-05:00","message":"\"testBearerToken\"\n"}
{"level":"info","time":"2022-05-28T09:19:37-05:00","message":"Starting up new relic"}
{"level":"info","time":"2022-05-28T09:19:37-05:00","message":"hitting loginHandler"}
{"level":"info","time":"2022-05-28T09:19:37-05:00","message":"Login Successful. username: hello"}
{"level":"info","time":"2022-05-28T09:19:37-05:00","message":"\"testBearerToken\"\n"}
{"level":"info","time":"2022-05-28T09:21:52-05:00","message":"Starting up new relic"}
{"level":"info","time":"2022-05-28T09:21:52-05:00","message":"hitting loginHandler"}
{"level":"info","time":"2022-05-28T09:21:52-05:00","message":"Login Successful. username: hello"}
{"level":"info","time":"2022-05-28T09:21:52-05:00","message":"\"testBearerToken\"\n"}
{"level":"info","time":"2022-05-28T09:22:29-05:00","message":"Starting up new relic"}
{"level":"info","time":"2022-05-28T09:22:29-05:00","message":"hitting loginHandler"}
{"level":"info","time":"2022-05-28T09:22:29-05:00","message":"Login Successful. username: hello"}
{"level":"info","time":"2022-05-28T09:22:29-05:00","message":"\"testBearerToken\"\n"}
{"level":"info","time":"2022-05-28T09:23:07-05:00","message":"Starting up new relic"}
{"level":"info","time":"2022-05-28T09:23:07-05:00","message":"hitting loginHandler"}
{"level":"info","time":"2022-05-28T09:23:07-05:00","message":"Login Successful. username: hello"}
{"level":"info","time":"2022-05-28T09:23:07-05:00","message":"\"testBearerToken\"\n"}
{"level":"info","time":"2022-05-28T09:23:37-05:00","message":"Starting up new relic"}
{"level":"info","time":"2022-05-28T09:23:37-05:00","message":"hitting loginHandler"}
{"level":"info","time":"2022-05-28T09:23:37-05:00","message":"Login Successful. username: hello"}
{"level":"info","time":"2022-05-28T09:23:37-05:00","message":"\"testBearerToken\"\n"}
{"level":"info","time":"2022-05-28T09:24:03-05:00","message":"Starting up new relic"}
{"level":"info","time":"2022-05-28T09:24:03-05:00","message":"hitting loginHandler"}
{"level":"info","time":"2022-05-28T09:24:03-05:00","message":"Login Successful. username: hello"}
{"level":"info","time":"2022-05-28T09:24:03-05:00","message":"\"testBearerToken\"\n"}
{"level":"info","time":"2022-05-28T10:11:15-05:00","message":"Starting up new relic"}
{"level":"info","time":"2022-05-28T10:11:15-05:00","message":"{\"message\":\"Not Found\"}\n"}
{"level":"info","time":"2022-05-28T10:11:44-05:00","message":"Starting up new relic"}
{"level":"info","time":"2022-05-28T10:11:44-05:00","message":"{\"message\":\"Not Found\"}\n"}
{"level":"info","time":"2022-05-28T10:11:54-05:00","message":"Starting up new relic"}
{"level":"info","time":"2022-05-28T10:11:54-05:00","message":"{\"message\":\"Method Not Allowed\"}\n"}
{"level":"info","time":"2022-05-28T10:12:14-05:00","message":"Starting up new relic"}
{"level":"info","time":"2022-05-28T10:12:14-05:00","message":"hitting loginHandler"}
{"level":"info","time":"2022-05-28T10:12:14-05:00","message":"Login Successful. username: hello"}
{"level":"info","time":"2022-05-28T10:12:14-05:00","message":"\"testBearerToken\"\n"}
{"level":"info","time":"2022-05-28T10:26:32-05:00","message":"Starting up new relic"}
{"level":"info","time":"2022-05-28T10:26:32-05:00","message":"{\"message\":\"Method Not Allowed\"}\n"}
{"level":"info","time":"2022-05-28T10:54:53-05:00","message":"hitting loginHandler"}
{"level":"info","time":"2022-05-28T10:54:53-05:00","message":"Login Successful. username: hello"}
{"level":"info","time":"2022-05-28T10:56:38-05:00","message":"hitting loginHandler"}
{"level":"info","time":"2022-05-28T10:56:38-05:00","message":"Login failed with username: hello, password: passwordWorld"}
{"level":"info","time":"2022-05-28T10:56:38-05:00","message":"hitting loginHandler"}
{"level":"info","time":"2022-05-28T10:56:38-05:00","message":"Login Successful. username: hello"}
{"level":"info","time":"2022-05-28T11:00:40-05:00","message":"hitting loginHandler"}
{"level":"info","time":"2022-05-28T11:00:40-05:00","message":"Login failed with username: hello, password: passwordWorld"}
{"level":"info","time":"2022-05-28T11:00:40-05:00","message":"hitting loginHandler"}
{"level":"info","time":"2022-05-28T11:00:40-05:00","message":"Login Successful. username: hello"}
{"level":"info","time":"2022-05-29T17:17:44-05:00","message":"hitting loginHandler"}
{"level":"info","time":"2022-05-29T17:17:44-05:00","message":"Login failed with username: hello, password: passwordWorld"}
{"level":"info","time":"2022-05-29T17:17:44-05:00","message":"hitting loginHandler"}
{"level":"info","time":"2022-05-29T17:17:44-05:00","message":"Login Successful. username: hello"}
{"level":"info","time":"2022-05-29T17:57:48-05:00","message":"addSoundcloudUrl called."}
{"level":"info","time":"2022-05-29T17:57:48-05:00","message":"WilletteToken is valid."}
{"level":"info","time":"2022-05-29T17:57:48-05:00","message":"Success adding soundcloud url. url: testsoundcloudurl.com"}
{"level":"debug","time":"2022-05-29T18:02:51-05:00","message":"addSoundcloudUrl called."}
{"level":"info","time":"2022-05-29T18:02:51-05:00","message":"WilletteToken is valid."}
{"level":"info","time":"2022-05-29T18:02:51-05:00","message":"Success adding soundcloud url. url: testsoundcloudurl.com"}
{"level":"debug","time":"2022-05-29T18:03:51-05:00","message":"addSoundcloudUrl called."}
{"level":"info","time":"2022-05-29T18:03:51-05:00","message":"WilletteToken is valid."}
{"level":"info","time":"2022-05-29T18:03:51-05:00","message":"Success adding soundcloud url. url: testsoundcloudurl.com"}
{"level":"info","time":"2022-05-29T18:09:22-05:00","message":"hitting loginHandler"}
{"level":"info","time":"2022-05-29T18:09:22-05:00","message":"Login failed with username: hello, password: passwordWorld"}
{"level":"info","time":"2022-05-29T18:09:22-05:00","message":"hitting loginHandler"}
{"level":"info","time":"2022-05-29T18:09:22-05:00","message":"Login Successful. username: hello"}
{"level":"debug","time":"2022-05-29T18:09:22-05:00","message":"addSoundcloudUrl called."}
{"level":"debug","time":"2022-05-29T18:09:22-05:00","message":"WilletteToken is valid."}
{"level":"info","time":"2022-05-29T18:09:22-05:00","message":"Success adding soundcloud url. url: testsoundcloudurl.com"}
{"level":"info","time":"2022-05-29T20:12:48-05:00","message":"hitting loginHandler"}
{"level":"info","time":"2022-05-29T20:12:48-05:00","message":"Login failed with username: hello, password: passwordWorld"}
{"level":"info","time":"2022-05-29T20:12:48-05:00","message":"hitting loginHandler"}
{"level":"info","time":"2022-05-29T20:12:48-05:00","message":"Login Successful. username: hello"}
{"level":"debug","time":"2022-05-29T20:12:48-05:00","message":"addSoundcloudUrl called."}
{"level":"debug","time":"2022-05-29T20:12:48-05:00","message":"WilletteToken is valid."}
{"level":"info","time":"2022-05-29T20:12:48-05:00","message":"Success adding soundcloud url. url: testsoundcloudurl.com"}
{"level":"info","time":"2022-05-29T21:24:10-05:00","message":"hitting loginHandler"}
{"level":"info","time":"2022-05-29T21:24:10-05:00","message":"Login failed with username: hello, password: passwordWorld"}
{"level":"info","time":"2022-05-29T21:24:10-05:00","message":"hitting loginHandler"}
{"level":"info","time":"2022-05-29T21:24:10-05:00","message":"Login Successful. username: hello"}
{"level":"debug","time":"2022-05-29T21:24:10-05:00","message":"addSoundcloudUrl called."}
{"level":"debug","time":"2022-05-29T21:24:10-05:00","message":"WilletteToken is valid."}
{"level":"info","time":"2022-05-29T21:24:10-05:00","message":"Success adding soundcloud url. url: testsoundcloudurl.com"}
{"level":"info","time":"2022-06-12T11:41:33-05:00","message":"hitting loginHandler"}
{"level":"info","time":"2022-06-12T11:41:33-05:00","message":"Login failed with username: hello, password: passwordWorld"}
{"level":"info","time":"2022-06-12T11:47:06-05:00","message":"hitting loginHandler"}
{"level":"info","time":"2022-06-12T11:47:06-05:00","message":"Login failed with username: hello, password: passwordWorld"}
{"level":"info","time":"2022-06-12T13:16:36-05:00","message":"hitting loginHandler"}
{"level":"info","time":"2022-06-12T13:16:36-05:00","message":"Login failed with username: hello, password: passwordWorld"}
{"level":"info","time":"2022-06-12T22:07:24-05:00","message":"hitting loginHandler"}
{"level":"info","time":"2022-06-12T22:07:24-05:00","message":"Login failed with username: hello, password: passwordWorld"}
{"level":"info","time":"2022-06-12T22:07:24-05:00","message":"hitting loginHandler"}
{"level":"info","time":"2022-06-12T22:07:24-05:00","message":"Login Successful. username: hello"}
{"level":"debug","time":"2022-06-12T22:07:24-05:00","message":"addSoundcloudUrl called."}
{"level":"debug","time":"2022-06-12T22:07:24-05:00","message":"WilletteToken is valid."}
{"level":"info","time":"2022-06-12T22:07:24-05:00","message":"Success adding soundcloud url. url: testsoundcloudurl.com"}
{"level":"info","time":"2022-06-12T22:07:37-05:00","message":"hitting loginHandler"}
{"level":"info","time":"2022-06-12T22:07:37-05:00","message":"Login failed with username: hello, password: passwordWorld"}
{"level":"info","time":"2022-06-12T22:07:37-05:00","message":"hitting loginHandler"}
{"level":"info","time":"2022-06-12T22:07:37-05:00","message":"Login Successful. username: hello"}
{"level":"debug","time":"2022-06-12T22:07:37-05:00","message":"addSoundcloudUrl called."}
{"level":"debug","time":"2022-06-12T22:07:37-05:00","message":"WilletteToken is valid."}
{"level":"info","time":"2022-06-12T22:07:37-05:00","message":"Success adding soundcloud url. url: testsoundcloudurl.com"}
{"level":"info","time":"2022-06-12T22:10:21-05:00","message":"hitting loginHandler"}
{"level":"info","time":"2022-06-12T22:10:21-05:00","message":"Login failed with username: hello, password: passwordWorld"}
{"level":"info","time":"2022-06-12T22:10:21-05:00","message":"hitting loginHandler"}
{"level":"info","time":"2022-06-12T22:10:21-05:00","message":"Login Successful. username: hello"}
{"level":"debug","time":"2022-06-12T22:10:21-05:00","message":"addSoundcloudUrl called."}
{"level":"debug","time":"2022-06-12T22:10:21-05:00","message":"WilletteToken is valid."}
{"level":"info","time":"2022-06-12T22:10:21-05:00","message":"Success adding soundcloud url. url: testsoundcloudurl.com"}
{"level":"debug","time":"2022-06-12T22:10:21-05:00","message":"addSoundcloudUrl called."}
{"level":"debug","time":"2022-06-12T22:10:21-05:00","message":"WilletteToken is valid."}
{"level":"info","time":"2022-06-12T22:10:21-05:00","message":"Success adding soundcloud url. url: testsoundcloudurl.com"}
{"level":"error","error":"Failed to get soundcloudUrls","time":"2022-06-12T22:10:21-05:00","message":"Failed to get soundcloud urls from service."}
{"level":"info","time":"2022-07-24T16:33:14-05:00","message":"hitting loginHandler"}
{"level":"info","time":"2022-07-24T16:33:14-05:00","message":"Login failed with username: hello, password: passwordWorld"}
{"level":"info","time":"2022-07-24T16:33:14-05:00","message":"hitting loginHandler"}
{"level":"info","time":"2022-07-24T16:33:14-05:00","message":"Login Successful. username: hello"}
{"level":"debug","time":"2022-07-24T16:33:14-05:00","message":"addSoundcloudUrl called."}
{"level":"debug","time":"2022-07-24T16:33:14-05:00","message":"WilletteToken is valid."}
{"level":"info","time":"2022-07-24T16:33:14-05:00","message":"Success adding soundcloud url. url: testsoundcloudurl.com"}
{"level":"debug","time":"2022-07-24T16:33:14-05:00","message":"addSoundcloudUrl called."}
{"level":"debug","time":"2022-07-24T16:33:14-05:00","message":"WilletteToken is valid."}
{"level":"info","time":"2022-07-24T16:33:14-05:00","message":"Success adding soundcloud url. url: testsoundcloudurl.com"}
{"level":"error","error":"Failed to get soundcloudUrls","time":"2022-07-24T16:33:14-05:00","message":"Failed to get soundcloud urls from service."}
{"level":"info","time":"2022-09-11T22:00:18-05:00","message":"hitting loginHandler"}
{"level":"info","time":"2022-09-11T22:00:18-05:00","message":"Login failed with username: hello, password: passwordWorld"}
{"level":"info","time":"2022-09-11T22:00:18-05:00","message":"hitting loginHandler"}
{"level":"info","time":"2022-09-11T22:00:18-05:00","message":"Login Successful. username: hello"}
{"level":"debug","time":"2022-09-11T22:00:18-05:00","message":"addSoundcloudUrl called."}
{"level":"debug","time":"2022-09-11T22:00:18-05:00","message":"WilletteToken is valid."}
{"level":"info","time":"2022-09-11T22:00:18-05:00","message":"Success adding soundcloud url. url: testsoundcloudurl.com"}
{"level":"debug","time":"2022-09-11T22:00:18-05:00","message":"addSoundcloudUrl called."}
{"level":"debug","time":"2022-09-11T22:00:18-05:00","message":"WilletteToken is valid."}
{"level":"info","time":"2022-09-11T22:00:18-05:00","message":"Success adding soundcloud url. url: testsoundcloudurl.com"}
{"level":"error","error":"Failed to get soundcloudUrls","time":"2022-09-11T22:00:18-05:00","message":"Failed to get soundcloud urls from service."}
