{"level":"info","time":"2022-02-20T19:36:58-06:00","message":"Starting application."}
{"level":"info","time":"2022-02-20T19:38:01-06:00","message":"Starting application."}
{"level":"info","time":"2022-05-22T09:43:43-05:00","message":"Starting application."}
{"level":"info","time":"2022-05-22T10:31:11-05:00","message":"HTTP Request received. Path: /add-soundcloud-url"}
{"level":"info","time":"2022-05-22T10:31:11-05:00","message":"addSoundcloudUrl called."}
{"level":"info","time":"2022-05-22T10:31:11-05:00","message":"{Url:https://soundcloud.com/user-434601011/billy-on-the-lowground}"}
{"level":"info","time":"2022-05-22T10:31:11-05:00","message":"WilletteToken is invalid."}
{"level":"info","time":"2022-05-22T10:31:19-05:00","message":"HTTP Request received. Path: /login"}
{"level":"info","time":"2022-05-22T10:31:19-05:00","message":"Login Successful."}
{"level":"info","time":"2022-05-22T10:31:47-05:00","message":"HTTP Request received. Path: /get-soundcloud-urls"}
{"level":"info","time":"2022-05-22T11:02:46-05:00","message":"Starting application."}
{"level":"info","time":"2022-05-22T11:10:28-05:00","message":"Starting application."}
{"level":"info","time":"2022-05-22T11:10:28-05:00","message":"Starting up new relic"}
{"level":"info","time":"2022-05-22T11:14:48-05:00","message":"Starting application."}
{"level":"info","time":"2022-05-22T11:14:48-05:00","message":"Starting up new relic"}
{"level":"info","time":"2022-05-22T11:19:12-05:00","message":"Starting application."}
{"level":"info","time":"2022-05-22T11:19:12-05:00","message":"Starting up new relic"}
{"level":"info","time":"2022-05-22T11:21:40-05:00","message":"Starting application."}
{"level":"info","time":"2022-05-22T11:21:40-05:00","message":"Starting up new relic"}
{"level":"info","time":"2022-05-22T11:21:40-05:00","message":"Starting up new relic"}
{"level":"info","time":"2022-05-22T11:59:00-05:00","message":"Starting application."}
{"level":"info","time":"2022-05-22T11:59:00-05:00","message":"Starting up new relic"}
{"level":"info","time":"2022-05-22T11:59:18-05:00","message":"Starting application."}
{"level":"info","time":"2022-05-22T11:59:18-05:00","message":"Starting up new relic"}
{"level":"info","time":"2022-05-22T12:53:36-05:00","message":"Starting application."}
{"level":"info","time":"2022-05-22T12:53:36-05:00","message":"Starting up new relic"}
{"level":"info","time":"2022-05-22T12:59:43-05:00","message":"Starting application."}
{"level":"info","time":"2022-05-22T12:59:43-05:00","message":"Starting up new relic"}
{"level":"info","time":"2022-05-22T13:05:32-05:00","message":"Starting application."}
{"level":"info","time":"2022-05-22T13:05:32-05:00","message":"Starting up new relic"}
{"level":"info","time":"2022-05-22T13:06:09-05:00","message":"Starting application."}
{"level":"info","time":"2022-05-22T13:06:09-05:00","message":"Starting up new relic"}
{"level":"info","time":"2022-05-22T14:14:10-05:00","message":"Starting application."}
{"level":"info","time":"2022-05-22T14:14:10-05:00","message":"Starting up new relic"}
{"level":"error","time":"2022-05-22T14:14:10-05:00","message":"Failed to start new relic app"}
{"level":"info","time":"2022-05-22T14:14:16-05:00","message":"Starting application."}
{"level":"info","time":"2022-05-22T14:14:16-05:00","message":"Starting up new relic"}
{"level":"error","time":"2022-05-22T14:14:16-05:00","message":"Failed to start new relic app"}
{"level":"info","time":"2022-05-22T14:14:53-05:00","message":"Starting application."}
{"level":"info","time":"2022-05-22T14:14:53-05:00","message":"Starting up new relic"}
{"level":"info","time":"2022-05-22T14:16:33-05:00","message":"Starting application."}
{"level":"info","time":"2022-05-22T14:16:33-05:00","message":"Starting up new relic"}
{"level":"info","time":"2022-05-22T14:19:09-05:00","message":"Starting application."}
{"level":"info","time":"2022-05-22T14:19:09-05:00","message":"Starting up new relic"}
{"level":"info","time":"2022-05-22T14:19:20-05:00","message":"Starting application."}
{"level":"info","time":"2022-05-22T14:19:20-05:00","message":"Starting up new relic"}
{"level":"error","time":"2022-05-22T14:19:20-05:00","message":"Failed to start new relic app, newrelic key: 315d18e2d22097f78d04bd124537bf379f77NRAL\n"}
{"level":"info","time":"2022-05-22T14:19:38-05:00","message":"Starting application."}
{"level":"info","time":"2022-05-22T14:19:38-05:00","message":"Starting up new relic"}
{"level":"error","time":"2022-05-22T14:19:38-05:00","message":"Failed to start new relic app, newrelic key: 315d18e2d22097f78d04bd124537bf379f77NRAL"}
{"level":"info","time":"2022-05-22T14:19:52-05:00","message":"Starting application."}
{"level":"info","time":"2022-05-22T14:19:52-05:00","message":"Starting up new relic"}
{"level":"info","time":"2022-05-22T14:28:38-05:00","message":"Starting application."}
{"level":"info","time":"2022-05-22T14:28:38-05:00","message":"Starting up new relic"}
{"level":"info","time":"2022-05-22T14:28:42-05:00","message":"Login Successful."}
{"level":"info","time":"2022-05-22T14:28:45-05:00","message":"Login Successful."}
{"level":"info","time":"2022-05-22T14:28:47-05:00","message":"Login Successful."}
{"level":"info","time":"2022-05-22T14:28:48-05:00","message":"Login Successful."}
{"level":"info","time":"2022-05-22T14:28:49-05:00","message":"Login Successful."}
{"level":"info","time":"2022-05-22T14:28:50-05:00","message":"Login Successful."}
{"level":"info","time":"2022-05-22T14:28:51-05:00","message":"Login Successful."}
{"level":"info","time":"2022-05-22T14:29:39-05:00","message":"Starting application."}
{"level":"info","time":"2022-05-22T14:29:39-05:00","message":"Starting up new relic"}
{"level":"info","time":"2022-05-22T14:29:42-05:00","message":"Login Successful. username: user"}
{"level":"info","time":"2022-05-22T14:29:43-05:00","message":"Login Successful. username: user"}
{"level":"info","time":"2022-05-22T14:29:44-05:00","message":"Login Successful. username: user"}
{"level":"info","time":"2022-05-22T14:34:58-05:00","message":"Starting application."}
{"level":"info","time":"2022-05-22T14:34:58-05:00","message":"Starting up new relic"}
{"level":"info","time":"2022-05-22T14:35:03-05:00","message":"Login Successful. username: user"}
{"level":"info","time":"2022-05-22T16:01:08-05:00","message":"Starting application."}
{"level":"info","time":"2022-05-22T16:01:08-05:00","message":"Starting up new relic"}
{"level":"info","time":"2022-05-22T16:42:19-05:00","message":"Starting application."}
{"level":"info","time":"2022-05-22T16:42:19-05:00","message":"Starting up new relic"}
{"level":"info","time":"2022-05-22T16:42:28-05:00","message":"Login Successful. username: user"}
{"level":"info","time":"2022-05-22T16:43:37-05:00","message":"addSoundcloudUrl called."}
{"level":"info","time":"2022-05-22T16:43:37-05:00","message":"WilletteToken is valid."}
{"level":"info","time":"2022-05-22T16:43:37-05:00","message":"Success adding soundcloud url. url: https://soundcloud.com/user-434601011/billy-on-the-lowground"}
{"level":"info","time":"2022-05-22T16:43:51-05:00","message":"addSoundcloudUrl called."}
{"level":"info","time":"2022-05-22T16:43:51-05:00","message":"Invalid auth token is invalid."}
{"level":"info","time":"2022-05-22T16:43:55-05:00","message":"addSoundcloudUrl called."}
{"level":"info","time":"2022-05-22T16:43:55-05:00","message":"WilletteToken is valid."}
{"level":"info","time":"2022-05-22T16:43:55-05:00","message":"Success adding soundcloud url. url: https://soundcloud.com/user-434601011/billy-on-the-lowground"}
{"level":"info","time":"2022-05-22T17:27:11-05:00","message":"Starting application."}
{"level":"info","time":"2022-05-22T17:27:11-05:00","message":"Starting up new relic"}
{"level":"info","time":"2022-05-22T17:29:27-05:00","message":"Login Successful. username: user"}
{"level":"info","time":"2022-05-22T17:29:39-05:00","message":"Login Successful. username: user"}
{"level":"info","time":"2022-05-22T17:39:34-05:00","message":"Login Successful. username: user"}
{"level":"info","time":"2022-05-22T17:39:57-05:00","message":"Login Successful. username: user"}
{"level":"info","time":"2022-05-22T17:40:20-05:00","message":"Login Successful. username: user"}
{"level":"info","time":"2022-05-22T17:41:10-05:00","message":"Login Successful. username: user"}
{"level":"info","time":"2022-05-22T17:42:20-05:00","message":"Login Successful. username: user"}
{"level":"info","time":"2022-05-22T17:42:30-05:00","message":"Login Successful. username: user"}
{"level":"info","time":"2022-05-22T17:43:14-05:00","message":"Login Successful. username: user"}
{"level":"info","time":"2022-05-22T17:43:20-05:00","message":"Login Successful. username: user"}
{"level":"info","time":"2022-05-22T17:44:01-05:00","message":"Login Successful. username: user"}
{"level":"info","time":"2022-05-22T17:44:04-05:00","message":"Login Successful. username: user"}
{"level":"info","time":"2022-05-22T17:44:09-05:00","message":"Login Successful. username: user"}
{"level":"info","time":"2022-05-22T17:44:14-05:00","message":"addSoundcloudUrl called."}
{"level":"error","error":"unrecognized token: \"83aa26b7cd63ad3bd5861445436d4752f86a553f\"","time":"2022-05-22T17:44:14-05:00","message":"Error preparing bearerTokenExists sql statement"}
{"level":"info","time":"2022-05-22T17:44:14-05:00","message":"Invalid auth token is invalid."}
{"level":"info","time":"2022-05-22T17:45:26-05:00","message":"Login Successful. username: user"}
{"level":"info","time":"2022-05-22T17:45:32-05:00","message":"Login Successful. username: user"}
{"level":"info","time":"2022-05-22T17:46:45-05:00","message":"Login Successful. username: user"}
{"level":"info","time":"2022-05-22T17:46:53-05:00","message":"Login Successful. username: user"}
{"level":"info","time":"2022-05-22T17:47:05-05:00","message":"Login Successful. username: user"}
{"level":"info","time":"2022-05-22T17:47:07-05:00","message":"Login Successful. username: user"}
{"level":"info","time":"2022-05-22T17:47:14-05:00","message":"Login Successful. username: user"}
{"level":"info","time":"2022-05-22T17:47:18-05:00","message":"addSoundcloudUrl called."}
{"level":"info","time":"2022-05-22T17:47:18-05:00","message":"WilletteToken is valid."}
{"level":"info","time":"2022-05-22T17:47:18-05:00","message":"Success adding soundcloud url. url: https://soundcloud.com/user-434601011/swagme"}
{"level":"info","time":"2022-05-22T17:50:08-05:00","message":"Login Successful. username: user"}
{"level":"info","time":"2022-05-22T17:50:32-05:00","message":"deleteSoundcloudUrl called successfully for item: soundcloud.com/the_mean_way_eeeeeyyy"}
{"level":"info","time":"2022-05-22T17:50:36-05:00","message":"deleteSoundcloudUrl called successfully for item: soundcloud.com/the_mean_way_eeeeeyyy"}
{"level":"info","time":"2022-05-22T17:58:33-05:00","message":"Starting application."}
{"level":"info","time":"2022-05-22T17:58:33-05:00","message":"Starting up new relic"}
{"level":"info","time":"2022-05-22T17:58:40-05:00","message":"{Locker:0xc00013acf0 resi:0xc0002115a0}"}
{"level":"info","time":"2022-05-22T17:58:40-05:00","message":"deleteSoundcloudUrl called successfully for item: soundcloud.com/the_mean_way_eeeeeyyy"}
{"level":"info","time":"2022-05-22T17:59:35-05:00","message":"Starting application."}
{"level":"info","time":"2022-05-22T17:59:35-05:00","message":"Starting up new relic"}
{"level":"info","time":"2022-05-22T17:59:38-05:00","message":"0"}
{"level":"info","time":"2022-05-22T17:59:38-05:00","message":"deleteSoundcloudUrl called successfully for item: soundcloud.com/the_mean_way_eeeeeyyy"}
{"level":"info","time":"2022-05-22T18:00:20-05:00","message":"1"}
{"level":"info","time":"2022-05-22T18:00:20-05:00","message":"deleteSoundcloudUrl called successfully for item: https://soundcloud.com/user-434601011/swagme"}
{"level":"info","time":"2022-05-22T18:06:31-05:00","message":"Starting application."}
{"level":"info","time":"2022-05-22T18:06:31-05:00","message":"Starting up new relic"}
{"level":"error","time":"2022-05-22T18:06:36-05:00","message":"No rows deleted with provided soundcloud url."}
{"level":"error","error":"No rows deleted with provided url","time":"2022-05-22T18:06:36-05:00","message":"Error deleting soundcloudUrl in service layer."}
{"level":"info","time":"2022-05-22T18:19:26-05:00","message":"Starting application."}
{"level":"info","time":"2022-05-22T18:19:26-05:00","message":"Starting up new relic"}
{"level":"error","time":"2022-05-22T18:19:32-05:00","message":"No rows deleted with provided soundcloud url."}
{"level":"error","error":"No rows affected","time":"2022-05-22T18:19:32-05:00","message":"Provided url does not exist to delete."}
{"level":"info","time":"2022-05-22T18:20:04-05:00","message":"Starting application."}
{"level":"info","time":"2022-05-22T18:20:04-05:00","message":"Starting up new relic"}
{"level":"error","time":"2022-05-22T18:20:05-05:00","message":"No rows deleted with provided soundcloud url."}
{"level":"error","error":"No rows affected","time":"2022-05-22T18:20:05-05:00","message":"Provided url does not exist to delete."}
{"level":"info","time":"2022-05-22T18:52:12-05:00","message":"Starting application."}
{"level":"info","time":"2022-05-22T18:52:12-05:00","message":"Starting up new relic"}
{"level":"info","time":"2022-05-22T18:52:21-05:00","message":"Login Successful. username: user"}
{"level":"info","time":"2022-05-22T18:52:25-05:00","message":"deleteSoundcloudUrl called successfully for item: https://soundcloud.com/user-434601011/billy-on-the-lowground"}
{"level":"info","time":"2022-05-22T18:52:31-05:00","message":"addSoundcloudUrl called."}
{"level":"info","time":"2022-05-22T18:52:31-05:00","message":"WilletteToken is valid."}
{"level":"info","time":"2022-05-22T18:52:31-05:00","message":"Success adding soundcloud url. url: https://soundcloud.com/user-434601011/down-the-road-somewhere"}
{"level":"info","time":"2022-05-22T18:52:32-05:00","message":"deleteSoundcloudUrl called successfully for item: https://soundcloud.com/user-434601011/down-the-road-somewhere"}
{"level":"info","time":"2022-05-22T18:53:55-05:00","message":"Starting application."}
{"level":"info","time":"2022-05-22T18:53:55-05:00","message":"Starting up new relic"}
{"level":"info","time":"2022-05-22T18:54:19-05:00","message":"addSoundcloudUrl called."}
{"level":"info","time":"2022-05-22T18:54:19-05:00","message":"WilletteToken is valid."}
{"level":"info","time":"2022-05-22T18:54:19-05:00","message":"Success adding soundcloud url. url: https://soundcloud.com/user-434601011/wednesday-night-waltz"}
{"level":"info","time":"2022-06-12T10:38:16-05:00","message":"Starting application."}
{"level":"info","time":"2022-06-12T21:52:47-05:00","message":"Starting application."}
{"level":"info","time":"2022-06-12T22:04:32-05:00","message":"Starting application."}
{"level":"info","time":"2022-06-14T21:49:20-05:00","message":"Starting application."}
{"level":"info","time":"2022-06-14T21:56:13-05:00","message":"hitting loginHandler"}
{"level":"info","time":"2022-06-14T21:56:13-05:00","message":"Login Successful. username: user"}
{"level":"info","time":"2022-06-14T22:00:54-05:00","message":"Starting application."}
{"level":"info","time":"2022-06-14T22:05:55-05:00","message":"Starting application."}
{"level":"info","time":"2022-06-14T22:05:59-05:00","message":"Calling key of day."}
{"level":"info","time":"2022-06-14T22:06:06-05:00","message":"Calling key of day."}
{"level":"info","time":"2022-06-14T22:06:08-05:00","message":"Calling key of day."}
{"level":"info","time":"2022-06-14T22:06:25-05:00","message":"Calling key of day."}
{"level":"info","time":"2022-06-14T22:09:18-05:00","message":"Calling key of day."}
{"level":"info","time":"2022-06-14T22:09:45-05:00","message":"Calling key of day."}
{"level":"info","time":"2022-06-14T22:09:47-05:00","message":"Calling key of day."}
{"level":"info","time":"2022-06-14T22:09:51-05:00","message":"Calling key of day."}
{"level":"info","time":"2022-06-14T22:10:08-05:00","message":"Calling key of day."}
{"level":"info","time":"2022-06-14T22:10:11-05:00","message":"Calling key of day."}
{"level":"info","time":"2022-06-14T22:15:16-05:00","message":"Starting application."}
{"level":"info","time":"2022-06-14T22:15:21-05:00","message":"Calling key of day."}
{"level":"info","time":"2022-06-14T22:15:23-05:00","message":"Calling key of day."}
{"level":"info","time":"2022-06-14T22:16:21-05:00","message":"Calling key of day."}
{"level":"info","time":"2022-06-14T22:16:25-05:00","message":"Calling key of day."}
{"level":"info","time":"2022-06-14T22:16:26-05:00","message":"Calling key of day."}
{"level":"info","time":"2022-06-14T22:24:17-05:00","message":"Calling key of day."}
{"level":"info","time":"2022-07-13T20:48:09-05:00","message":"Starting application."}
{"level":"info","time":"2022-07-24T15:18:58-05:00","message":"Starting application."}
{"level":"info","time":"2022-07-24T15:18:58-05:00","message":"Calling health endpoint."}
{"level":"info","time":"2022-07-24T15:19:00-05:00","message":"Calling health endpoint."}
{"level":"info","time":"2022-07-24T15:21:52-05:00","message":"Starting application."}
{"level":"info","time":"2022-07-24T15:21:56-05:00","message":"Calling health endpoint."}
{"level":"info","time":"2022-07-24T16:58:35-05:00","message":"Starting application."}
{"level":"info","time":"2022-07-24T16:58:46-05:00","message":"Calling health endpoint."}
{"level":"info","time":"2022-07-24T17:07:47-05:00","message":"Starting application."}
{"level":"info","time":"2022-07-24T17:07:49-05:00","message":"Calling health endpoint."}
{"level":"info","time":"2022-09-06T23:22:16-05:00","message":"Starting application."}
{"level":"info","time":"2022-09-07T18:27:11-05:00","message":"Starting application."}
{"level":"info","time":"2022-10-11T19:35:10-05:00","message":"Starting application."}
{"level":"info","time":"2022-10-11T20:05:57-05:00","message":"Starting application."}
{"level":"info","time":"2022-10-11T20:32:56-05:00","message":"Starting application."}
{"level":"info","time":"2022-10-11T22:22:15-05:00","message":"Starting application."}
